[31mCMake Error at /opt/ros/humble/share/rosidl_adapter/cmake/rosidl_adapt_interfaces.cmake:59 (message):
  execute_process(/usr/bin/python3.10 -m rosidl_adapter --package-name
  smart_home_cpp --arguments-file
  /home/jamshid/Desktop/SME-Lab/week-7-homework/ros2_ws/build/smart_home_cpp/rosidl_adapter__arguments__smart_home_cpp.json
  --output-dir
  /home/jamshid/Desktop/SME-Lab/week-7-homework/ros2_ws/build/smart_home_cpp/rosidl_adapter/smart_home_cpp
  --output-file
  /home/jamshid/Desktop/SME-Lab/week-7-homework/ros2_ws/build/smart_home_cpp/rosidl_adapter/smart_home_cpp.idls)
  returned error code 1:

  Traceback (most recent call last):

    File "/usr/lib/python3.10/runpy.py", line 196, in _run_module_as_main
      return _run_code(code, main_globals, None,
    File "/usr/lib/python3.10/runpy.py", line 86, in _run_code
      exec(code, run_globals)
    File "/opt/ros/humble/local/lib/python3.10/dist-packages/rosidl_adapter/__main__.py", line 19, in <module>
      sys.exit(main())
    File "/opt/ros/humble/local/lib/python3.10/dist-packages/rosidl_adapter/main.py", line 53, in main
      abs_idl_file = convert_to_idl(
    File "/opt/ros/humble/local/lib/python3.10/dist-packages/rosidl_adapter/__init__.py", line 29, in convert_to_idl
      return convert_action_to_idl(
    File "/opt/ros/humble/local/lib/python3.10/dist-packages/rosidl_adapter/action/__init__.py", line 28, in convert_action_to_idl
      action = parse_action_string(package_name, input_file.stem, content)
    File "/opt/ros/humble/local/lib/python3.10/dist-packages/rosidl_adapter/parser.py", line 894, in parse_action_string
      raise InvalidActionSpecification(

  rosidl_adapter.parser.InvalidActionSpecification: Number of '---'
  separators nonconformant with action definition

Call Stack (most recent call first):
  /opt/ros/humble/share/rosidl_cmake/cmake/rosidl_generate_interfaces.cmake:130 (rosidl_adapt_interfaces)
  CMakeLists.txt:12 (rosidl_generate_interfaces)

[0m
gmake: *** [Makefile:226: cmake_check_build_system] Error 1
