[0.085s] Invoking command in '/home/jamshid/Desktop/SME-Lab/week-7-homework/ros2_ws/build/smart_home_cpp': CMAKE_PREFIX_PATH=${CMAKE_PREFIX_PATH}:/opt/ros/humble /usr/bin/cmake /home/jamshid/Desktop/SME-Lab/week-7-homework/ros2_ws/src/smart_home_cpp -DAMENT_CMAKE_SYMLINK_INSTALL=1 -DCMAKE_INSTALL_PREFIX=/home/jamshid/Desktop/SME-Lab/week-7-homework/ros2_ws/install/smart_home_cpp
[0.103s] -- Found ament_cmake: 1.3.5 (/opt/ros/humble/share/ament_cmake/cmake)
[0.275s] -- Override CMake install command with custom implementation using symlinks instead of copying resources
[0.288s] -- Found rclcpp: 16.0.6 (/opt/ros/humble/share/rclcpp/cmake)
[0.323s] -- Found rosidl_generator_c: 3.1.5 (/opt/ros/humble/share/rosidl_generator_c/cmake)
[0.326s] -- Found rosidl_adapter: 3.1.5 (/opt/ros/humble/share/rosidl_adapter/cmake)
[0.334s] -- Found rosidl_generator_cpp: 3.1.5 (/opt/ros/humble/share/rosidl_generator_cpp/cmake)
[0.347s] -- Using all available rosidl_typesupport_c: rosidl_typesupport_fastrtps_c;rosidl_typesupport_introspection_c
[0.362s] -- Using all available rosidl_typesupport_cpp: rosidl_typesupport_fastrtps_cpp;rosidl_typesupport_introspection_cpp
[0.420s] -- Found rmw_implementation_cmake: 6.1.1 (/opt/ros/humble/share/rmw_implementation_cmake/cmake)
[0.422s] -- Found rmw_fastrtps_cpp: 6.2.4 (/opt/ros/humble/share/rmw_fastrtps_cpp/cmake)
[0.541s] -- Using RMW implementation 'rmw_fastrtps_cpp' as default
[0.716s] -- Found rclcpp_action: 16.0.6 (/opt/ros/humble/share/rclcpp_action/cmake)
[1.081s] -- Found ament_cmake_ros: 0.10.0 (/opt/ros/humble/share/ament_cmake_ros/cmake)
[1.392s] -- Using all available rosidl_typesupport_c: rosidl_typesupport_fastrtps_c;rosidl_typesupport_introspection_c
[1.509s] -- Using all available rosidl_typesupport_cpp: rosidl_typesupport_fastrtps_cpp;rosidl_typesupport_introspection_cpp
[1.523s] -- Configuring done
[1.570s] -- Generating done
[1.579s] -- Build files have been written to: /home/jamshid/Desktop/SME-Lab/week-7-homework/ros2_ws/build/smart_home_cpp
[1.600s] Invoked command in '/home/jamshid/Desktop/SME-Lab/week-7-homework/ros2_ws/build/smart_home_cpp' returned '0': CMAKE_PREFIX_PATH=${CMAKE_PREFIX_PATH}:/opt/ros/humble /usr/bin/cmake /home/jamshid/Desktop/SME-Lab/week-7-homework/ros2_ws/src/smart_home_cpp -DAMENT_CMAKE_SYMLINK_INSTALL=1 -DCMAKE_INSTALL_PREFIX=/home/jamshid/Desktop/SME-Lab/week-7-homework/ros2_ws/install/smart_home_cpp
[1.607s] Invoking command in '/home/jamshid/Desktop/SME-Lab/week-7-homework/ros2_ws/build/smart_home_cpp': CMAKE_PREFIX_PATH=${CMAKE_PREFIX_PATH}:/opt/ros/humble /usr/bin/cmake --build /home/jamshid/Desktop/SME-Lab/week-7-homework/ros2_ws/build/smart_home_cpp -- -j2 -l2
[1.686s] [35m[1mConsolidate compiler generated dependencies of target smart_home_cpp__rosidl_generator_c[0m
[1.703s] [  3%] Built target smart_home_cpp__cpp
[1.719s] [ 15%] Built target smart_home_cpp__rosidl_generator_c
[1.739s] [ 19%] [32mBuilding CXX object CMakeFiles/appliance_server.dir/src/appliance_server.cpp.o[0m
[1.759s] [ 23%] [32mBuilding CXX object CMakeFiles/appliance_client.dir/src/appliance_client.cpp.o[0m
[2.072s] [01m[K/home/jamshid/Desktop/SME-Lab/week-7-homework/ros2_ws/src/smart_home_cpp/src/appliance_client.cpp:3:10:[m[K [01;31m[Kfatal error: [m[Ksmart_home_cpp/srv/appliance_control.hpp: No such file or directory
[2.072s]     3 | #include [01;31m[K"smart_home_cpp/srv/appliance_control.hpp"[m[K
[2.073s]       |          [01;31m[K^~~~~~~~~~~~~~~~~~~~~~~~~~~~~~~~~~~~~~~~~~[m[K
[2.073s] compilation terminated.
[2.074s] gmake[2]: *** [CMakeFiles/appliance_client.dir/build.make:76: CMakeFiles/appliance_client.dir/src/appliance_client.cpp.o] Error 1
[2.075s] gmake[1]: *** [CMakeFiles/Makefile2:423: CMakeFiles/appliance_client.dir/all] Error 2
[2.076s] gmake[1]: *** Waiting for unfinished jobs....
[2.097s] [01m[K/home/jamshid/Desktop/SME-Lab/week-7-homework/ros2_ws/src/smart_home_cpp/src/appliance_server.cpp:3:10:[m[K [01;31m[Kfatal error: [m[Ksmart_home_cpp/srv/appliance_control.hpp: No such file or directory
[2.099s]     3 | #include [01;31m[K"smart_home_cpp/srv/appliance_control.hpp"[m[K
[2.100s]       |          [01;31m[K^~~~~~~~~~~~~~~~~~~~~~~~~~~~~~~~~~~~~~~~~~[m[K
[2.100s] compilation terminated.
[2.103s] gmake[2]: *** [CMakeFiles/appliance_server.dir/build.make:76: CMakeFiles/appliance_server.dir/src/appliance_server.cpp.o] Error 1
[2.103s] gmake[1]: *** [CMakeFiles/Makefile2:397: CMakeFiles/appliance_server.dir/all] Error 2
[2.106s] gmake: *** [Makefile:146: all] Error 2
[2.107s] Invoked command in '/home/jamshid/Desktop/SME-Lab/week-7-homework/ros2_ws/build/smart_home_cpp' returned '2': CMAKE_PREFIX_PATH=${CMAKE_PREFIX_PATH}:/opt/ros/humble /usr/bin/cmake --build /home/jamshid/Desktop/SME-Lab/week-7-homework/ros2_ws/build/smart_home_cpp -- -j2 -l2
