[0.093s] Invoking command in '/home/jamshid/Desktop/SME-Lab/week-7-homework/ros2_ws/build/smart_home_cpp': CMAKE_PREFIX_PATH=/opt/ros/humble /usr/bin/cmake --build /home/jamshid/Desktop/SME-Lab/week-7-homework/ros2_ws/build/smart_home_cpp -- -j2 -l2
[0.130s] -- Found ament_cmake: 1.3.5 (/opt/ros/humble/share/ament_cmake/cmake)
[0.295s] -- Found rclcpp: 16.0.6 (/opt/ros/humble/share/rclcpp/cmake)
[0.334s] -- Found rosidl_generator_c: 3.1.5 (/opt/ros/humble/share/rosidl_generator_c/cmake)
[0.338s] -- Found rosidl_adapter: 3.1.5 (/opt/ros/humble/share/rosidl_adapter/cmake)
[0.346s] -- Found rosidl_generator_cpp: 3.1.5 (/opt/ros/humble/share/rosidl_generator_cpp/cmake)
[0.357s] -- Using all available rosidl_typesupport_c: rosidl_typesupport_fastrtps_c;rosidl_typesupport_introspection_c
[0.373s] -- Using all available rosidl_typesupport_cpp: rosidl_typesupport_fastrtps_cpp;rosidl_typesupport_introspection_cpp
[0.433s] -- Found rmw_implementation_cmake: 6.1.1 (/opt/ros/humble/share/rmw_implementation_cmake/cmake)
[0.436s] -- Found rmw_fastrtps_cpp: 6.2.4 (/opt/ros/humble/share/rmw_fastrtps_cpp/cmake)
[0.557s] -- Using RMW implementation 'rmw_fastrtps_cpp' as default
[0.724s] -- Found rclcpp_action: 16.0.6 (/opt/ros/humble/share/rclcpp_action/cmake)
[0.998s] [31mCMake Error at /opt/ros/humble/share/rosidl_adapter/cmake/rosidl_adapt_interfaces.cmake:59 (message):
[0.999s]   execute_process(/usr/bin/python3.10 -m rosidl_adapter --package-name
[0.999s]   smart_home_cpp --arguments-file
[0.999s]   /home/jamshid/Desktop/SME-Lab/week-7-homework/ros2_ws/build/smart_home_cpp/rosidl_adapter__arguments__smart_home_cpp.json
[0.999s]   --output-dir
[0.999s]   /home/jamshid/Desktop/SME-Lab/week-7-homework/ros2_ws/build/smart_home_cpp/rosidl_adapter/smart_home_cpp
[0.999s]   --output-file
[0.999s]   /home/jamshid/Desktop/SME-Lab/week-7-homework/ros2_ws/build/smart_home_cpp/rosidl_adapter/smart_home_cpp.idls)
[1.000s]   returned error code 1:
[1.000s] 
[1.000s]   Traceback (most recent call last):
[1.000s] 
[1.000s]     File "/usr/lib/python3.10/runpy.py", line 196, in _run_module_as_main
[1.000s]       return _run_code(code, main_globals, None,
[1.001s]     File "/usr/lib/python3.10/runpy.py", line 86, in _run_code
[1.001s]       exec(code, run_globals)
[1.001s]     File "/opt/ros/humble/local/lib/python3.10/dist-packages/rosidl_adapter/__main__.py", line 19, in <module>
[1.001s]       sys.exit(main())
[1.001s]     File "/opt/ros/humble/local/lib/python3.10/dist-packages/rosidl_adapter/main.py", line 53, in main
[1.001s]       abs_idl_file = convert_to_idl(
[1.001s]     File "/opt/ros/humble/local/lib/python3.10/dist-packages/rosidl_adapter/__init__.py", line 29, in convert_to_idl
[1.002s]       return convert_action_to_idl(
[1.002s]     File "/opt/ros/humble/local/lib/python3.10/dist-packages/rosidl_adapter/action/__init__.py", line 28, in convert_action_to_idl
[1.002s]       action = parse_action_string(package_name, input_file.stem, content)
[1.002s]     File "/opt/ros/humble/local/lib/python3.10/dist-packages/rosidl_adapter/parser.py", line 894, in parse_action_string
[1.002s]       raise InvalidActionSpecification(
[1.002s] 
[1.002s]   rosidl_adapter.parser.InvalidActionSpecification: Number of '---'
[1.002s]   separators nonconformant with action definition
[1.003s] 
[1.003s] Call Stack (most recent call first):
[1.003s]   /opt/ros/humble/share/rosidl_cmake/cmake/rosidl_generate_interfaces.cmake:130 (rosidl_adapt_interfaces)
[1.003s]   CMakeLists.txt:15 (rosidl_generate_interfaces)
[1.003s] 
[1.003s] [0m
[1.004s] -- Configuring incomplete, errors occurred!
[1.004s] See also "/home/jamshid/Desktop/SME-Lab/week-7-homework/ros2_ws/build/smart_home_cpp/CMakeFiles/CMakeOutput.log".
[1.017s] gmake: *** [Makefile:226: cmake_check_build_system] Error 1
[1.019s] Invoked command in '/home/jamshid/Desktop/SME-Lab/week-7-homework/ros2_ws/build/smart_home_cpp' returned '2': CMAKE_PREFIX_PATH=/opt/ros/humble /usr/bin/cmake --build /home/jamshid/Desktop/SME-Lab/week-7-homework/ros2_ws/build/smart_home_cpp -- -j2 -l2
