[0.035s] Invoking command in '/home/jamshid/Desktop/SME-Lab/week-7-homework/ros2_ws/build/smart_home_cpp': /usr/bin/cmake --build /home/jamshid/Desktop/SME-Lab/week-7-homework/ros2_ws/build/smart_home_cpp -- -j2 -l2
[0.064s] -- Found ament_cmake: 1.3.5 (/opt/ros/humble/share/ament_cmake/cmake)
[0.215s] Traceback (most recent call last):
[0.216s]   File "/opt/ros/humble/share/ament_cmake_core/cmake/package_templates/templates_2_cmake.py", line 21, in <module>
[0.216s]     from ament_package.templates import get_environment_hook_template_path
[0.216s] ModuleNotFoundError: No module named 'ament_package'
[0.232s] [31mCMake Error at /opt/ros/humble/share/ament_cmake_core/cmake/ament_cmake_package_templates-extras.cmake:41 (message):
[0.232s]   execute_process(/usr/bin/python3.10
[0.232s]   /opt/ros/humble/share/ament_cmake_core/cmake/package_templates/templates_2_cmake.py
[0.232s]   /home/jamshid/Desktop/SME-Lab/week-7-homework/ros2_ws/build/smart_home_cpp/ament_cmake_package_templates/templates.cmake)
[0.232s]   returned error code 1
[0.232s] Call Stack (most recent call first):
[0.232s]   /opt/ros/humble/share/ament_cmake_core/cmake/ament_cmake_coreConfig.cmake:41 (include)
[0.232s]   /opt/ros/humble/share/ament_cmake/cmake/ament_cmake_export_dependencies-extras.cmake:15 (find_package)
[0.232s]   /opt/ros/humble/share/ament_cmake/cmake/ament_cmakeConfig.cmake:41 (include)
[0.232s]   CMakeLists.txt:9 (find_package)
[0.233s] 
[0.233s] [0m
[0.233s] -- Configuring incomplete, errors occurred!
[0.233s] See also "/home/jamshid/Desktop/SME-Lab/week-7-homework/ros2_ws/build/smart_home_cpp/CMakeFiles/CMakeOutput.log".
[0.239s] gmake: *** [Makefile:226: cmake_check_build_system] Error 1
[0.243s] Invoked command in '/home/jamshid/Desktop/SME-Lab/week-7-homework/ros2_ws/build/smart_home_cpp' returned '2': /usr/bin/cmake --build /home/jamshid/Desktop/SME-Lab/week-7-homework/ros2_ws/build/smart_home_cpp -- -j2 -l2
