[0.089s] Invoking command in '/home/jamshid/Desktop/SME-Lab/week-7-homework/ros2_ws/build/smart_home_cpp': CMAKE_PREFIX_PATH=${CMAKE_PREFIX_PATH}:/opt/ros/humble /usr/bin/cmake /home/jamshid/Desktop/SME-Lab/week-7-homework/ros2_ws/src/smart_home_cpp -DAMENT_CMAKE_SYMLINK_INSTALL=1 -DCMAKE_INSTALL_PREFIX=/home/jamshid/Desktop/SME-Lab/week-7-homework/ros2_ws/install/smart_home_cpp
[0.105s] -- Found ament_cmake: 1.3.5 (/opt/ros/humble/share/ament_cmake/cmake)
[0.269s] -- Override CMake install command with custom implementation using symlinks instead of copying resources
[0.281s] -- Found rclcpp: 16.0.6 (/opt/ros/humble/share/rclcpp/cmake)
[0.325s] -- Found rosidl_generator_c: 3.1.5 (/opt/ros/humble/share/rosidl_generator_c/cmake)
[0.329s] -- Found rosidl_adapter: 3.1.5 (/opt/ros/humble/share/rosidl_adapter/cmake)
[0.340s] -- Found rosidl_generator_cpp: 3.1.5 (/opt/ros/humble/share/rosidl_generator_cpp/cmake)
[0.355s] -- Using all available rosidl_typesupport_c: rosidl_typesupport_fastrtps_c;rosidl_typesupport_introspection_c
[0.372s] -- Using all available rosidl_typesupport_cpp: rosidl_typesupport_fastrtps_cpp;rosidl_typesupport_introspection_cpp
[0.445s] -- Found rmw_implementation_cmake: 6.1.1 (/opt/ros/humble/share/rmw_implementation_cmake/cmake)
[0.448s] -- Found rmw_fastrtps_cpp: 6.2.4 (/opt/ros/humble/share/rmw_fastrtps_cpp/cmake)
[0.565s] -- Using RMW implementation 'rmw_fastrtps_cpp' as default
[0.727s] -- Found rclcpp_action: 16.0.6 (/opt/ros/humble/share/rclcpp_action/cmake)
[1.089s] -- Found ament_cmake_ros: 0.10.0 (/opt/ros/humble/share/ament_cmake_ros/cmake)
[1.412s] -- Using all available rosidl_typesupport_c: rosidl_typesupport_fastrtps_c;rosidl_typesupport_introspection_c
[1.535s] -- Using all available rosidl_typesupport_cpp: rosidl_typesupport_fastrtps_cpp;rosidl_typesupport_introspection_cpp
[1.562s] -- Configuring done
[1.607s] -- Generating done
[1.619s] -- Build files have been written to: /home/jamshid/Desktop/SME-Lab/week-7-homework/ros2_ws/build/smart_home_cpp
[1.629s] Invoked command in '/home/jamshid/Desktop/SME-Lab/week-7-homework/ros2_ws/build/smart_home_cpp' returned '0': CMAKE_PREFIX_PATH=${CMAKE_PREFIX_PATH}:/opt/ros/humble /usr/bin/cmake /home/jamshid/Desktop/SME-Lab/week-7-homework/ros2_ws/src/smart_home_cpp -DAMENT_CMAKE_SYMLINK_INSTALL=1 -DCMAKE_INSTALL_PREFIX=/home/jamshid/Desktop/SME-Lab/week-7-homework/ros2_ws/install/smart_home_cpp
[1.634s] Invoking command in '/home/jamshid/Desktop/SME-Lab/week-7-homework/ros2_ws/build/smart_home_cpp': CMAKE_PREFIX_PATH=${CMAKE_PREFIX_PATH}:/opt/ros/humble /usr/bin/cmake --build /home/jamshid/Desktop/SME-Lab/week-7-homework/ros2_ws/build/smart_home_cpp -- -j2 -l2
[1.707s] [35m[1mConsolidate compiler generated dependencies of target smart_home_cpp__rosidl_generator_c[0m
[1.724s] [  3%] Built target smart_home_cpp__cpp
[1.726s] [ 15%] Built target smart_home_cpp__rosidl_generator_c
[1.766s] [ 23%] [32mBuilding CXX object CMakeFiles/appliance_client.dir/src/appliance_client.cpp.o[0m
[1.767s] [ 23%] [32mBuilding CXX object CMakeFiles/appliance_server.dir/src/appliance_server.cpp.o[0m
[2.145s] [01m[K/home/jamshid/Desktop/SME-Lab/week-7-homework/ros2_ws/src/smart_home_cpp/src/appliance_client.cpp:3:10:[m[K [01;31m[Kfatal error: [m[Ksmart_home_cpp/srv/appliance_control.hpp: No such file or directory
[2.160s]     3 | #include [01;31m[K"smart_home_cpp/srv/appliance_control.hpp"[m[K
[2.160s]       |          [01;31m[K^~~~~~~~~~~~~~~~~~~~~~~~~~~~~~~~~~~~~~~~~~[m[K
[2.160s] compilation terminated.
[2.170s] gmake[2]: *** [CMakeFiles/appliance_client.dir/build.make:76: CMakeFiles/appliance_client.dir/src/appliance_client.cpp.o] Error 1
[2.172s] gmake[1]: *** [CMakeFiles/Makefile2:423: CMakeFiles/appliance_client.dir/all] Error 2
[2.172s] gmake[1]: *** Waiting for unfinished jobs....
[2.179s] [01m[K/home/jamshid/Desktop/SME-Lab/week-7-homework/ros2_ws/src/smart_home_cpp/src/appliance_server.cpp:3:10:[m[K [01;31m[Kfatal error: [m[Ksmart_home_cpp/srv/appliance_control.hpp: No such file or directory
[2.179s]     3 | #include [01;31m[K"smart_home_cpp/srv/appliance_control.hpp"[m[K
[2.179s]       |          [01;31m[K^~~~~~~~~~~~~~~~~~~~~~~~~~~~~~~~~~~~~~~~~~[m[K
[2.179s] compilation terminated.
[2.184s] gmake[2]: *** [CMakeFiles/appliance_server.dir/build.make:76: CMakeFiles/appliance_server.dir/src/appliance_server.cpp.o] Error 1
[2.184s] gmake[1]: *** [CMakeFiles/Makefile2:397: CMakeFiles/appliance_server.dir/all] Error 2
[2.185s] gmake: *** [Makefile:146: all] Error 2
[2.189s] Invoked command in '/home/jamshid/Desktop/SME-Lab/week-7-homework/ros2_ws/build/smart_home_cpp' returned '2': CMAKE_PREFIX_PATH=${CMAKE_PREFIX_PATH}:/opt/ros/humble /usr/bin/cmake --build /home/jamshid/Desktop/SME-Lab/week-7-homework/ros2_ws/build/smart_home_cpp -- -j2 -l2
